This file contains any messages produced by compilers while
running configure, to aid debugging if configure makes a mistake.

It was created by configure, which was
generated by GNU Autoconf 2.69.  Invocation command line was

  $ ./configure --disable-option-checking --prefix=/home/isti/.freeradius --cache-file=/dev/null --srcdir=.

## --------- ##
## Platform. ##
## --------- ##

hostname = Istvan-Laptop
uname -m = x86_64
uname -r = 3.12.0-1-ARCH
uname -s = Linux
uname -v = #1 SMP PREEMPT Wed Nov 6 09:06:27 CET 2013

/usr/bin/uname -p = unknown
/bin/uname -X     = unknown

/bin/arch              = unknown
/usr/bin/arch -k       = unknown
/usr/convex/getsysinfo = unknown
/usr/bin/hostinfo      = unknown
/bin/machine           = unknown
/usr/bin/oslevel       = unknown
/bin/universe          = unknown

PATH: /usr/local/sbin
PATH: /usr/local/bin
PATH: /usr/bin
PATH: /usr/bin/vendor_perl
PATH: /usr/bin/core_perl


## ----------- ##
## Core tests. ##
## ----------- ##

configure:1940: checking for gcc
configure:1956: found /usr/bin/gcc
configure:1967: result: gcc
configure:2196: checking for C compiler version
configure:2205: gcc --version >&5
gcc (GCC) 4.8.2
Copyright (C) 2013 Free Software Foundation, Inc.
This is free software; see the source for copying conditions.  There is NO
warranty; not even for MERCHANTABILITY or FITNESS FOR A PARTICULAR PURPOSE.

configure:2216: $? = 0
configure:2205: gcc -v >&5
Using built-in specs.
COLLECT_GCC=gcc
COLLECT_LTO_WRAPPER=/usr/lib/gcc/x86_64-unknown-linux-gnu/4.8.2/lto-wrapper
Target: x86_64-unknown-linux-gnu
Configured with: /build/gcc/src/gcc-4.8.2/configure --prefix=/usr --libdir=/usr/lib --libexecdir=/usr/lib --mandir=/usr/share/man --infodir=/usr/share/info --with-bugurl=https://bugs.archlinux.org/ --enable-languages=c,c++,ada,fortran,go,lto,objc,obj-c++ --enable-shared --enable-threads=posix --with-system-zlib --enable-__cxa_atexit --disable-libunwind-exceptions --enable-clocale=gnu --disable-libstdcxx-pch --enable-gnu-unique-object --enable-linker-build-id --enable-cloog-backend=isl --disable-cloog-version-check --enable-lto --enable-gold --enable-ld=default --enable-plugin --with-plugin-ld=ld.gold --with-linker-hash-style=gnu --disable-install-libiberty --disable-multilib --disable-libssp --disable-werror --enable-checking=release
Thread model: posix
gcc version 4.8.2 (GCC) 
configure:2216: $? = 0
configure:2205: gcc -V >&5
gcc: error: unrecognized command line option '-V'
gcc: fatal error: no input files
compilation terminated.
configure:2216: $? = 1
configure:2205: gcc -qversion >&5
gcc: error: unrecognized command line option '-qversion'
gcc: fatal error: no input files
compilation terminated.
configure:2216: $? = 1
configure:2236: checking whether the C compiler works
configure:2258: gcc    conftest.c  >&5
configure:2262: $? = 0
configure:2310: result: yes
configure:2313: checking for C compiler default output file name
configure:2315: result: a.out
configure:2321: checking for suffix of executables
configure:2328: gcc -o conftest    conftest.c  >&5
configure:2332: $? = 0
configure:2354: result: 
configure:2376: checking whether we are cross compiling
configure:2384: gcc -o conftest    conftest.c  >&5
configure:2388: $? = 0
configure:2395: ./conftest
configure:2399: $? = 0
configure:2414: result: no
configure:2419: checking for suffix of object files
configure:2441: gcc -c   conftest.c >&5
configure:2445: $? = 0
configure:2466: result: o
configure:2470: checking whether we are using the GNU C compiler
configure:2489: gcc -c   conftest.c >&5
configure:2489: $? = 0
configure:2498: result: yes
configure:2507: checking whether gcc accepts -g
configure:2527: gcc -c -g  conftest.c >&5
configure:2527: $? = 0
configure:2568: result: yes
configure:2585: checking for gcc option to accept ISO C89
configure:2648: gcc  -c -g -O2  conftest.c >&5
configure:2648: $? = 0
configure:2661: result: none needed
configure:2686: checking how to run the C preprocessor
configure:2717: gcc -E  conftest.c
configure:2717: $? = 0
configure:2731: gcc -E  conftest.c
conftest.c:9:28: fatal error: ac_nonexistent.h: No such file or directory
 #include <ac_nonexistent.h>
                            ^
compilation terminated.
configure:2731: $? = 1
configure: failed program was:
| /* confdefs.h */
| #define PACKAGE_NAME ""
| #define PACKAGE_TARNAME ""
| #define PACKAGE_VERSION ""
| #define PACKAGE_STRING ""
| #define PACKAGE_BUGREPORT ""
| #define PACKAGE_URL ""
| /* end confdefs.h.  */
| #include <ac_nonexistent.h>
configure:2756: result: gcc -E
configure:2776: gcc -E  conftest.c
configure:2776: $? = 0
configure:2790: gcc -E  conftest.c
conftest.c:9:28: fatal error: ac_nonexistent.h: No such file or directory
 #include <ac_nonexistent.h>
                            ^
compilation terminated.
configure:2790: $? = 1
configure: failed program was:
| /* confdefs.h */
| #define PACKAGE_NAME ""
| #define PACKAGE_TARNAME ""
| #define PACKAGE_VERSION ""
| #define PACKAGE_STRING ""
| #define PACKAGE_BUGREPORT ""
| #define PACKAGE_URL ""
| /* end confdefs.h.  */
| #include <ac_nonexistent.h>
configure:2864: checking for gdbm.h
configure:2878: gcc -c -g -O2  conftest.c >&5
configure:2878: $? = 0
configure:2881: result: yes
configure:3007: checking for gdbm_open in -lgdbm
configure:3021: gcc -o conftest -g -O2     conftest.c -lgdbm  >&5
configure:3021: $? = 0
configure:3024: result: yes
configure:3135: checking to see GDBM_SYNC status
configure:3138: checking for grep that handles long lines and -e
configure:3196: result: /usr/bin/grep
configure:3201: checking for egrep
configure:3263: result: /usr/bin/grep -E
configure:3285: result: needs it.
configure:3301: checking for gdbm_fdesc
configure:3301: gcc -o conftest -g -O2     conftest.c -lgdbm  -lgdbm  >&5
configure:3301: $? = 0
configure:3301: result: yes
configure:3464: creating ./config.status

## ---------------------- ##
## Running config.status. ##
## ---------------------- ##

This file was extended by config.status, which was
generated by GNU Autoconf 2.69.  Invocation command line was

  CONFIG_FILES    = 
  CONFIG_HEADERS  = 
  CONFIG_LINKS    = 
  CONFIG_COMMANDS = 
  $ ./config.status 

on Istvan-Laptop

config.status:793: creating all.mk
config.status:793: creating config.h
config.status:963: config.h is unchanged

## ---------------- ##
## Cache variables. ##
## ---------------- ##

ac_cv_c_compiler_gnu=yes
ac_cv_env_CC_set=
ac_cv_env_CC_value=
ac_cv_env_CFLAGS_set=
ac_cv_env_CFLAGS_value=
ac_cv_env_CPPFLAGS_set=
ac_cv_env_CPPFLAGS_value=
ac_cv_env_CPP_set=
ac_cv_env_CPP_value=
ac_cv_env_LDFLAGS_set=
ac_cv_env_LDFLAGS_value=
ac_cv_env_build_alias_set=
ac_cv_env_build_alias_value=
ac_cv_env_host_alias_set=
ac_cv_env_host_alias_value=
ac_cv_env_target_alias_set=
ac_cv_env_target_alias_value=
ac_cv_func_gdbm_fdesc=yes
ac_cv_header_gdbm_h=yes
ac_cv_lib_gdbm_gdbm_open=yes
ac_cv_objext=o
ac_cv_path_EGREP='/usr/bin/grep -E'
ac_cv_path_GREP=/usr/bin/grep
ac_cv_prog_CPP='gcc -E'
ac_cv_prog_ac_ct_CC=gcc
ac_cv_prog_cc_c89=
ac_cv_prog_cc_g=yes

## ----------------- ##
## Output variables. ##
## ----------------- ##

CC='gcc'
CFLAGS='-g -O2  '
CPP='gcc -E'
CPPFLAGS=''
DEFS='-DHAVE_CONFIG_H'
ECHO_C=''
ECHO_N='-n'
ECHO_T=''
EGREP='/usr/bin/grep -E'
EXEEXT=''
GREP='/usr/bin/grep'
LDFLAGS=''
LIBOBJS=''
LIBS='-lgdbm '
LTLIBOBJS=''
OBJEXT='o'
PACKAGE_BUGREPORT=''
PACKAGE_NAME=''
PACKAGE_STRING=''
PACKAGE_TARNAME=''
PACKAGE_URL=''
PACKAGE_VERSION=''
PATH_SEPARATOR=':'
SHELL='/bin/sh'
ac_ct_CC='gcc'
bindir='${exec_prefix}/bin'
build_alias=''
datadir='${datarootdir}'
datarootdir='${prefix}/share'
docdir='${datarootdir}/doc/${PACKAGE}'
dvidir='${docdir}'
exec_prefix='${prefix}'
host_alias=''
htmldir='${docdir}'
includedir='${prefix}/include'
infodir='${datarootdir}/info'
libdir='${exec_prefix}/lib'
libexecdir='${exec_prefix}/libexec'
localedir='${datarootdir}/locale'
localstatedir='${prefix}/var'
mandir='${datarootdir}/man'
mod_cflags='  '
mod_ldflags='-lgdbm '
oldincludedir='/usr/include'
pdfdir='${docdir}'
prefix='/home/isti/.freeradius'
prefixpool_install='rlm_prefixpool_install'
program_transform_name='s,x,x,'
psdir='${docdir}'
sbindir='${exec_prefix}/sbin'
sharedstatedir='${prefix}/com'
sysconfdir='${prefix}/etc'
target_alias=''
targetname='rlm_prefixpool'

## ----------- ##
## confdefs.h. ##
## ----------- ##

/* confdefs.h */
#define PACKAGE_NAME ""
#define PACKAGE_TARNAME ""
#define PACKAGE_VERSION ""
#define PACKAGE_STRING ""
#define PACKAGE_BUGREPORT ""
#define PACKAGE_URL ""
#define NEED_GDBM_SYNC yes
#define HAVE_GDBM_FDESC /**/

configure: exit 0
